
> @debita/documentation@1.0.0 build
> mintlify build

mintlify <command>

Commands:
  mintlify dev                       initialize a local preview environment
  mintlify validate                  validate the documentation build (strict mo
                                     de, exits on warnings or errors)
  mintlify openapi-check <filename>  check if an OpenAPI spec is valid
  mintlify broken-links              check for invalid internal links
  mintlify rename <from> <to>        rename a file and update all internal link
                                     references
  mintlify update                    update the CLI to the latest version
  mintlify upgrade                   upgrade mint.json file to docs.json (curren
                                     t format)
  mintlify migrate-mdx               migrate MDX OpenAPI endpoint pages to x-min
                                     t extensions and docs.json
  mintlify a11y                      check for accessibility issues in documenta
                                     tion
                       [aliases: accessibility-check, a11y-check, accessibility]
  mintlify version                   display the current version of the CLI and
                                     client                         [aliases: v]
  mintlify new [directory]           Create a new Mintlify documentation site

Options:
  -h, --help     Show help                                             [boolean]
  -v, --version  Show version number                                   [boolean]

[2K[1A[2K[G

Unknown command: build
[2K[1A[2K[G
npm error Lifecycle script `build` failed with error:
npm error code 1
npm error path /home/tassolacerda/debita/main-api/apps/documentation
npm error workspace @debita/documentation@1.0.0
npm error location /home/tassolacerda/debita/main-api/apps/documentation
npm error command failed
npm error command sh -c mintlify build
